2023-05-17 13:33:57,507 [INFO] Activator:176 - 


2023-05-17 13:33:57,515 [INFO] Activator:177 - !SESSION log4j initialized
2023-05-17 13:34:04,188 [ERROR] LogOutputStream:75 - [STDERR_REDIRECT] 
2023-05-17 13:34:05,689 [INFO] LogOutputStream:77 - [STDOUT_REDIRECT] 
2023-05-17 13:34:08,789 [INFO] LogOutputStream:77 - [STDOUT_REDIRECT] 
2023-05-17 13:34:12,411 [ERROR] LogOutputStream:75 - [STDERR_REDIRECT] Managed Build system manifest file error: Option fr.ac6.managedbuild.option.gnu.cross.prefix.1492660550 uses a null category that is invalid in its context. The option was ignored.
2023-05-17 13:34:12,413 [ERROR] LogOutputStream:75 - [STDERR_REDIRECT] Managed Build system manifest file error: Option fr.ac6.managedbuild.option.gnu.cross.mcu.1541878278 uses a null category that is invalid in its context. The option was ignored.
2023-05-17 13:34:12,413 [ERROR] LogOutputStream:75 - [STDERR_REDIRECT] Managed Build system manifest file error: Option fr.ac6.managedbuild.option.gnu.cross.board.287698103 uses a null category that is invalid in its context. The option was ignored.
2023-05-17 13:34:12,414 [ERROR] LogOutputStream:75 - [STDERR_REDIRECT] Managed Build system manifest file error: Option fr.ac6.managedbuild.option.gnu.cross.instructionSet.528339093 uses a null category that is invalid in its context. The option was ignored.
2023-05-17 13:34:12,422 [ERROR] LogOutputStream:75 - [STDERR_REDIRECT] Managed Build system manifest file error: Option fr.ac6.managedbuild.option.gnu.cross.fpu.1330073300 uses a null category that is invalid in its context. The option was ignored.
2023-05-17 13:34:12,423 [ERROR] LogOutputStream:75 - [STDERR_REDIRECT] Managed Build system manifest file error: Option fr.ac6.managedbuild.option.gnu.cross.floatabi.630882800 uses a null category that is invalid in its context. The option was ignored.
2023-05-17 13:34:13,845 [INFO] McuFinderGlobals:53 - Set McuFinder mode to 2 (CubeIDE integrated)
2023-05-17 13:34:14,094 [INFO] ApplicationProperties:184 - Using Application install path: /Applications/STM32CubeIDE.app/Contents/Eclipse/plugins/com.st.stm32cube.common.mx_6.8.1.202304191431
2023-05-17 13:34:14,122 [INFO] DbMcusXml:78 - Set database path to: /Applications/STM32CubeIDE.app/Contents/Eclipse/plugins/com.st.stm32cube.common.mx_6.8.1.202304191431//db//mcu/
2023-05-17 13:34:14,122 [INFO] ApiDb:274 - Set plugin database path to: /Applications/STM32CubeIDE.app/Contents/Eclipse/plugins/com.st.stm32cube.common.mx_6.8.1.202304191431//db//plugins/boardmanager/
2023-05-17 13:34:14,130 [WARN] ApiDb:259 - Overriding images path with different value:  => /Applications/STM32CubeIDE.app/Contents/Eclipse/plugins/com.st.stm32cube.common.mx_6.8.1.202304191431//db//plugins/mcufinder/images/
2023-05-17 13:34:16,242 [INFO] ApiDb:250 - Set database path to: /Users/renzogarzamotta/.stmcufinder/plugins/mcufinder//mcu/
2023-05-17 13:34:16,245 [INFO] DbMcusAds:125 - Set database path to: /Users/renzogarzamotta/.stmcufinder/plugins/mcufinder//mcu/
2023-05-17 13:34:16,249 [INFO] CrossReferenceDbSqlite:203 - Set database path to: /Users/renzogarzamotta/.stmcufinder/plugins/mcufinder//mcu/cs/
2023-05-17 13:34:16,440 [INFO] RulesReader:64 - Compatibility file has been processed (293 Rules)
2023-05-17 13:34:16,585 [INFO] DbMcusXml:78 - Set database path to: /Applications/STM32CubeIDE.app/Contents/Eclipse/plugins/com.st.stm32cube.common.mx_6.8.1.202304191431//db//mcu/
2023-05-17 13:34:16,585 [INFO] ApiDb:274 - Set plugin database path to: /Applications/STM32CubeIDE.app/Contents/Eclipse/plugins/com.st.stm32cube.common.mx_6.8.1.202304191431//db//plugins/boardmanager/
2023-05-17 13:34:16,586 [INFO] ApiDb:261 - Set plugin images path to: /Applications/STM32CubeIDE.app/Contents/Eclipse/plugins/com.st.stm32cube.common.mx_6.8.1.202304191431//db//plugins/mcufinder/images/
2023-05-17 13:34:16,587 [WARN] DbFile:41 - Overriding database path with different value: /Users/renzogarzamotta/.stmcufinder/plugins/mcufinder/ => /Users/renzogarzamotta/.stmcufinder/plugins/mcufinder
2023-05-17 13:34:16,588 [INFO] ApiDb:250 - Set database path to: /Users/renzogarzamotta/.stmcufinder/plugins/mcufinder//mcu/
2023-05-17 13:34:16,588 [WARN] DbFile:41 - Overriding database path with different value: /Users/renzogarzamotta/.stmcufinder/plugins/mcufinder/ => /Users/renzogarzamotta/.stmcufinder/plugins/mcufinder
2023-05-17 13:34:16,589 [INFO] DbMcusAds:125 - Set database path to: /Users/renzogarzamotta/.stmcufinder/plugins/mcufinder//mcu/
2023-05-17 13:34:16,589 [WARN] DbFile:41 - Overriding database path with different value: /Users/renzogarzamotta/.stmcufinder/plugins/mcufinder/ => /Users/renzogarzamotta/.stmcufinder/plugins/mcufinder
2023-05-17 13:34:16,589 [WARN] DbFile:41 - Overriding database path with different value: /Users/renzogarzamotta/.stmcufinder/plugins/mcufinder/ => /Users/renzogarzamotta/.stmcufinder/plugins/mcufinder
2023-05-17 13:34:16,590 [INFO] CrossReferenceDbSqlite:203 - Set database path to: /Users/renzogarzamotta/.stmcufinder/plugins/mcufinder//mcu/cs/
2023-05-17 13:34:16,883 [INFO] MainPanel:253 - HeapMemory: 339738624
2023-05-17 13:34:17,162 [INFO] DbMcusXml:78 - Set database path to: /Applications/STM32CubeIDE.app/Contents/Eclipse/plugins/com.st.stm32cube.common.mx_6.8.1.202304191431//db//mcu/
2023-05-17 13:34:17,163 [INFO] ApiDb:274 - Set plugin database path to: /Applications/STM32CubeIDE.app/Contents/Eclipse/plugins/com.st.stm32cube.common.mx_6.8.1.202304191431//db//plugins/boardmanager/
2023-05-17 13:34:17,163 [INFO] ApiDb:261 - Set plugin images path to: /Applications/STM32CubeIDE.app/Contents/Eclipse/plugins/com.st.stm32cube.common.mx_6.8.1.202304191431//db//plugins/mcufinder/images/
2023-05-17 13:34:17,164 [WARN] DbFile:41 - Overriding database path with different value: /Users/renzogarzamotta/.stmcufinder/plugins/mcufinder/ => /Users/renzogarzamotta/.stmcufinder/plugins/mcufinder
2023-05-17 13:34:17,164 [INFO] ApiDb:250 - Set database path to: /Users/renzogarzamotta/.stmcufinder/plugins/mcufinder//mcu/
2023-05-17 13:34:17,164 [WARN] DbFile:41 - Overriding database path with different value: /Users/renzogarzamotta/.stmcufinder/plugins/mcufinder/ => /Users/renzogarzamotta/.stmcufinder/plugins/mcufinder
2023-05-17 13:34:17,164 [INFO] DbMcusAds:125 - Set database path to: /Users/renzogarzamotta/.stmcufinder/plugins/mcufinder//mcu/
2023-05-17 13:34:17,165 [WARN] DbFile:41 - Overriding database path with different value: /Users/renzogarzamotta/.stmcufinder/plugins/mcufinder/ => /Users/renzogarzamotta/.stmcufinder/plugins/mcufinder
2023-05-17 13:34:17,165 [WARN] DbFile:41 - Overriding database path with different value: /Users/renzogarzamotta/.stmcufinder/plugins/mcufinder/ => /Users/renzogarzamotta/.stmcufinder/plugins/mcufinder
2023-05-17 13:34:17,166 [INFO] CrossReferenceDbSqlite:203 - Set database path to: /Users/renzogarzamotta/.stmcufinder/plugins/mcufinder//mcu/cs/
2023-05-17 13:34:17,197 [INFO] ApplicationProperties:184 - Using Application install path: /Applications/STM32CubeIDE.app/Contents/Eclipse/plugins/com.st.stm32cube.common.mx_6.8.1.202304191431
2023-05-17 13:34:17,200 [INFO] PluginManage:196 - Search for loadable plugins [exclusion list=, ]
2023-05-17 13:34:17,206 [INFO] PluginManage:310 - Check plugin analytics
2023-05-17 13:34:17,648 [INFO] AnalyticsPlugin:253 - Accepted Software Licenses: 
2023-05-17 13:34:17,649 [INFO] AnalyticsPlugin:255 - Accepted CMSIS Pack Licenses: 
2023-05-17 13:34:17,649 [INFO] AnalyticsPlugin:257 - Accepted Firmware Licenses: 
2023-05-17 13:34:17,661 [INFO] PluginManage:359 - Loaded plugin analytics (category:tool,tabindex:-1)
2023-05-17 13:34:17,661 [INFO] PluginManage:310 - Check plugin cadmodel
2023-05-17 13:34:18,567 [INFO] CADModel:105 - Init CAD model plugin
2023-05-17 13:34:18,567 [INFO] PluginManage:359 - Loaded plugin cadmodel (category:power,tabindex:5)
2023-05-17 13:34:18,568 [INFO] PluginManage:310 - Check plugin clock
2023-05-17 13:34:18,588 [INFO] PluginManage:359 - Loaded plugin clock (category:base,tabindex:2)
2023-05-17 13:34:18,588 [INFO] PluginManage:310 - Check plugin ddr
2023-05-17 13:34:18,594 [INFO] PluginManage:359 - Loaded plugin ddr (category:tool,tabindex:6)
2023-05-17 13:34:18,594 [INFO] PluginManage:310 - Check plugin filemanager
2023-05-17 13:34:18,815 [INFO] PluginManage:359 - Loaded plugin filemanager (category:base,tabindex:10)
2023-05-17 13:34:18,815 [INFO] PluginManage:310 - Check plugin ipmanager
2023-05-17 13:34:18,831 [INFO] PluginManage:359 - Loaded plugin ipmanager (category:base,tabindex:5)
2023-05-17 13:34:18,831 [INFO] PluginManage:310 - Check plugin lpbam
2023-05-17 13:34:18,849 [INFO] PluginManage:359 - Loaded plugin lpbam (category:base,tabindex:0)
2023-05-17 13:34:18,849 [INFO] PluginManage:310 - Check plugin pinoutandconfiguration
2023-05-17 13:34:18,868 [INFO] PluginManage:359 - Loaded plugin pinoutandconfiguration (category:base,tabindex:1)
2023-05-17 13:34:18,868 [INFO] PluginManage:310 - Check plugin pinoutconfig
2023-05-17 13:34:19,033 [WARN] SupportedApi:132 - Cannot load RTOS API schema: s4s-elt-must-match.1: The content of 'definitions' must match (annotation?, (simpleType | complexType)?, (unique | key | keyref)*)). A problem was found starting at: attribute.
2023-05-17 13:34:19,285 [INFO] PluginManage:359 - Loaded plugin pinoutconfig (category:base,tabindex:0)
2023-05-17 13:34:19,286 [INFO] PluginManage:310 - Check plugin power
2023-05-17 13:34:19,304 [INFO] PluginManage:359 - Loaded plugin power (category:power,tabindex:4)
2023-05-17 13:34:19,304 [INFO] PluginManage:310 - Check plugin projectmanager
2023-05-17 13:34:19,340 [INFO] PluginManage:359 - Loaded plugin projectmanager (category:projectmanager,tabindex:3)
2023-05-17 13:34:19,340 [INFO] PluginManage:310 - Check plugin thirdparty
2023-05-17 13:34:19,541 [INFO] PluginManage:359 - Loaded plugin thirdparty (category:base,tabindex:-1)
2023-05-17 13:34:19,543 [INFO] PluginManage:310 - Check plugin tools
2023-05-17 13:34:19,542 [WARN] IntegrityCheckThread:84 - waiting for thirdparty lock release [integrity check]
2023-05-17 13:34:19,543 [INFO] IntegrityCheckThread:86 - entering critical section [integrity check]
2023-05-17 13:34:19,577 [INFO] PluginManage:359 - Loaded plugin tools (category:base,tabindex:7)
2023-05-17 13:34:19,577 [INFO] PluginManage:310 - Check plugin tutovideos
2023-05-17 13:34:19,584 [INFO] ThirdPartyUpdaterWithRetryManager:70 - Updater plugin not ready yet. [1/15]
2023-05-17 13:34:19,987 [INFO] PluginManage:359 - Loaded plugin tutovideos (category:base,tabindex:-1)
2023-05-17 13:34:19,988 [INFO] PluginManage:310 - Check plugin updater
2023-05-17 13:34:20,015 [INFO] PluginManage:359 - Loaded plugin updater (category:base,tabindex:12)
2023-05-17 13:34:20,016 [INFO] PluginManage:283 - PluginManage : Loaded plugins [15]
2023-05-17 13:34:20,365 [INFO] PinOutPanel:1499 - setPackage(No Configuration,No Configuration)
2023-05-17 13:34:20,485 [INFO] CADModel:165 - CPN selected for project level
2023-05-17 13:34:20,486 [INFO] CADModel:114 - Register for checkConnection events
2023-05-17 13:34:20,511 [INFO] IPUIPlugin:80 - create IPUIPlugin
2023-05-17 13:34:20,512 [INFO] PluginManager:220 - loadIPPluginJar : add mdma
2023-05-17 13:34:20,524 [INFO] IPUIPlugin:80 - create IPUIPlugin
2023-05-17 13:34:20,525 [INFO] PluginManager:220 - loadIPPluginJar : add freertos
2023-05-17 13:34:20,535 [INFO] IPUIPlugin:80 - create IPUIPlugin
2023-05-17 13:34:20,536 [INFO] PluginManager:220 - loadIPPluginJar : add gic
2023-05-17 13:34:20,552 [INFO] IPUIPlugin:80 - create IPUIPlugin
2023-05-17 13:34:20,553 [INFO] PluginManager:220 - loadIPPluginJar : add adc
2023-05-17 13:34:20,558 [INFO] IPUIPlugin:80 - create IPUIPlugin
2023-05-17 13:34:20,558 [INFO] PluginManager:220 - loadIPPluginJar : add gtzc
2023-05-17 13:34:20,561 [INFO] IPUIPlugin:80 - create IPUIPlugin
2023-05-17 13:34:20,561 [INFO] PluginManager:220 - loadIPPluginJar : add quadspi
2023-05-17 13:34:20,565 [INFO] IPUIPlugin:80 - create IPUIPlugin
2023-05-17 13:34:20,565 [INFO] PluginManager:220 - loadIPPluginJar : add aes
2023-05-17 13:34:20,572 [INFO] IPUIPlugin:80 - create IPUIPlugin
2023-05-17 13:34:20,573 [INFO] PluginManager:220 - loadIPPluginJar : add pdm2pcm
2023-05-17 13:34:20,577 [INFO] IPUIPlugin:80 - create IPUIPlugin
2023-05-17 13:34:20,577 [INFO] PluginManager:220 - loadIPPluginJar : add hash
2023-05-17 13:34:20,580 [INFO] IPUIPlugin:80 - create IPUIPlugin
2023-05-17 13:34:20,581 [INFO] PluginManager:220 - loadIPPluginJar : add tim
2023-05-17 13:34:20,584 [INFO] IPUIPlugin:80 - create IPUIPlugin
2023-05-17 13:34:20,584 [INFO] PluginManager:220 - loadIPPluginJar : add tsc
2023-05-17 13:34:20,588 [INFO] IPUIPlugin:80 - create IPUIPlugin
2023-05-17 13:34:20,588 [INFO] PluginManager:220 - loadIPPluginJar : add ts
2023-05-17 13:34:20,592 [INFO] IPUIPlugin:80 - create IPUIPlugin
2023-05-17 13:34:20,592 [INFO] PluginManager:220 - loadIPPluginJar : add can
2023-05-17 13:34:20,597 [INFO] IPUIPlugin:80 - create IPUIPlugin
2023-05-17 13:34:20,597 [INFO] PluginManager:220 - loadIPPluginJar : add dma3
2023-05-17 13:34:20,601 [INFO] IPUIPlugin:80 - create IPUIPlugin
2023-05-17 13:34:20,601 [INFO] PluginManager:220 - loadIPPluginJar : add dfsdm
2023-05-17 13:34:20,605 [INFO] IPUIPlugin:80 - create IPUIPlugin
2023-05-17 13:34:20,605 [INFO] PluginManager:220 - loadIPPluginJar : add spi
2023-05-17 13:34:20,608 [INFO] IPUIPlugin:80 - create IPUIPlugin
2023-05-17 13:34:20,609 [INFO] PluginManager:220 - loadIPPluginJar : add gfxmmu
2023-05-17 13:34:20,611 [INFO] IPUIPlugin:80 - create IPUIPlugin
2023-05-17 13:34:20,611 [INFO] PluginManager:220 - loadIPPluginJar : add genericplugin
2023-05-17 13:34:20,615 [INFO] IPUIPlugin:80 - create IPUIPlugin
2023-05-17 13:34:20,615 [INFO] PluginManager:220 - loadIPPluginJar : add cryp
2023-05-17 13:34:20,622 [INFO] IPUIPlugin:80 - create IPUIPlugin
2023-05-17 13:34:20,623 [INFO] PluginManager:220 - loadIPPluginJar : add gpio
2023-05-17 13:34:20,625 [INFO] IPUIPlugin:80 - create IPUIPlugin
2023-05-17 13:34:20,626 [INFO] PluginManager:220 - loadIPPluginJar : add comp
2023-05-17 13:34:20,629 [INFO] IPUIPlugin:80 - create IPUIPlugin
2023-05-17 13:34:20,630 [INFO] PluginManager:220 - loadIPPluginJar : add tracer_emb
2023-05-17 13:34:20,635 [INFO] IPUIPlugin:80 - create IPUIPlugin
2023-05-17 13:34:20,635 [INFO] PluginManager:220 - loadIPPluginJar : add openamp
2023-05-17 13:34:20,644 [INFO] IPUIPlugin:80 - create IPUIPlugin
2023-05-17 13:34:20,644 [INFO] PluginManager:220 - loadIPPluginJar : add stm32_wpan
2023-05-17 13:34:20,654 [INFO] IPUIPlugin:80 - create IPUIPlugin
2023-05-17 13:34:20,659 [INFO] PluginManager:220 - loadIPPluginJar : add plateformsettings
2023-05-17 13:34:20,665 [INFO] IPUIPlugin:80 - create IPUIPlugin
2023-05-17 13:34:20,665 [INFO] PluginManager:220 - loadIPPluginJar : add ipddr
2023-05-17 13:34:20,670 [INFO] IPUIPlugin:80 - create IPUIPlugin
2023-05-17 13:34:20,670 [INFO] PluginManager:220 - loadIPPluginJar : add usart
2023-05-17 13:34:20,674 [INFO] IPUIPlugin:80 - create IPUIPlugin
2023-05-17 13:34:20,674 [INFO] PluginManager:220 - loadIPPluginJar : add ltdc
2023-05-17 13:34:20,716 [INFO] IPUIPlugin:80 - create IPUIPlugin
2023-05-17 13:34:20,717 [INFO] PluginManager:220 - loadIPPluginJar : add nvic
2023-05-17 13:34:20,719 [INFO] IPUIPlugin:80 - create IPUIPlugin
2023-05-17 13:34:20,719 [INFO] PluginManager:220 - loadIPPluginJar : add fatfs
2023-05-17 13:34:20,731 [INFO] IPUIPlugin:80 - create IPUIPlugin
2023-05-17 13:34:20,732 [INFO] PluginManager:220 - loadIPPluginJar : add linkedlist
2023-05-17 13:34:20,742 [INFO] IPUIPlugin:80 - create IPUIPlugin
2023-05-17 13:34:20,743 [INFO] PluginManager:220 - loadIPPluginJar : add dma
2023-05-17 13:34:20,750 [INFO] IPUIPlugin:80 - create IPUIPlugin
2023-05-17 13:34:20,751 [INFO] PluginManager:220 - loadIPPluginJar : add fmc
2023-05-17 13:34:20,755 [INFO] IPUIPlugin:80 - create IPUIPlugin
2023-05-17 13:34:20,755 [INFO] PluginManager:220 - loadIPPluginJar : add i2s
2023-05-17 13:34:20,759 [INFO] IPUIPlugin:80 - create IPUIPlugin
2023-05-17 13:34:20,759 [INFO] PluginManager:220 - loadIPPluginJar : add ucpd
2023-05-17 13:34:20,763 [INFO] IPUIPlugin:80 - create IPUIPlugin
2023-05-17 13:34:20,763 [INFO] PluginManager:220 - loadIPPluginJar : add lorawan
2023-05-17 13:34:20,767 [INFO] IPUIPlugin:80 - create IPUIPlugin
2023-05-17 13:34:20,767 [INFO] PluginManager:220 - loadIPPluginJar : add opamp
2023-05-17 13:34:20,773 [INFO] IPUIPlugin:80 - create IPUIPlugin
2023-05-17 13:34:20,773 [INFO] PluginManager:220 - loadIPPluginJar : add i3c
2023-05-17 13:34:20,779 [INFO] IPUIPlugin:80 - create IPUIPlugin
2023-05-17 13:34:20,779 [INFO] PluginManager:220 - loadIPPluginJar : add touchsensing
2023-05-17 13:34:20,784 [INFO] IPUIPlugin:80 - create IPUIPlugin
2023-05-17 13:34:20,784 [INFO] PluginManager:220 - loadIPPluginJar : add i2c
2023-05-17 13:34:20,791 [INFO] IPUIPlugin:80 - create IPUIPlugin
2023-05-17 13:34:20,792 [INFO] PluginManager:220 - loadIPPluginJar : add resmgrutility
2023-05-17 13:34:20,797 [INFO] IPUIPlugin:80 - create IPUIPlugin
2023-05-17 13:34:20,797 [INFO] PluginManager:220 - loadIPPluginJar : add sai
2023-05-17 13:34:20,803 [INFO] IPUIPlugin:80 - create IPUIPlugin
2023-05-17 13:34:20,803 [INFO] PluginManager:220 - loadIPPluginJar : add usbx
2023-05-17 13:34:20,939 [INFO] CADModel:165 - CPN selected for project level
2023-05-17 13:34:20,939 [INFO] CADModel:114 - Register for checkConnection events
2023-05-17 13:34:20,939 [FATAL] Updater:308 - Updater called before beeing initialized
2023-05-17 13:34:20,939 [ERROR] CADModel:125 - Updater not yet initialized, retry later 
2023-05-17 13:34:21,152 [INFO] CADModel:165 - CPN selected for project level
2023-05-17 13:34:21,152 [INFO] CADModel:114 - Register for checkConnection events
2023-05-17 13:34:21,152 [FATAL] Updater:308 - Updater called before beeing initialized
2023-05-17 13:34:21,153 [ERROR] CADModel:125 - Updater not yet initialized, retry later 
2023-05-17 13:34:21,160 [FATAL] Updater:308 - Updater called before beeing initialized
2023-05-17 13:34:21,295 [FATAL] Updater:308 - Updater called before beeing initialized
2023-05-17 13:34:21,305 [INFO] DbMcusAds:53 - JSON generation date=Thu Sep 30 02:55:09 EDT 2021 (1632984909247)
2023-05-17 13:34:21,305 [FATAL] Updater:308 - Updater called before beeing initialized
2023-05-17 13:34:21,548 [WARN] DetailPanel:346 - Failed to get advertising image, set to default
2023-05-17 13:34:21,737 [FATAL] Updater:308 - Updater called before beeing initialized
2023-05-17 13:34:21,741 [FATAL] Updater:308 - Updater called before beeing initialized
2023-05-17 13:34:21,741 [FATAL] Updater:308 - Updater called before beeing initialized
2023-05-17 13:34:21,742 [WARN] DetailPanel:346 - Failed to get advertising image, set to default
2023-05-17 13:34:21,743 [FATAL] Updater:308 - Updater called before beeing initialized
2023-05-17 13:34:21,813 [ERROR] Updater:1120 - MainUpdater not yet initialized. External WinMGr cannot be set.
2023-05-17 13:34:21,815 [INFO] Updater:1056 - Updater Version found : 6.8.1
2023-05-17 13:34:21,846 [INFO] ApplicationProperties:184 - Using Application install path: /Applications/STM32CubeIDE.app/Contents/Eclipse/plugins/com.st.stm32cube.common.mx_6.8.1.202304191431
2023-05-17 13:34:21,910 [INFO] MainUpdater:519 - Copy updater definitions from MX database
2023-05-17 13:34:22,068 [INFO] MainUpdater:2854 - connection check result : 10
2023-05-17 13:34:22,068 [INFO] MainUpdater:3548 - Updater definition file requires update
2023-05-17 13:34:22,070 [INFO] MainUpdater:283 - Updater Check For Update Now.
2023-05-17 13:34:22,071 [INFO] MicroXplorer:498 - Change Database Version : DB.6.0.81
2023-05-17 13:34:22,124 [INFO] ServerAccessManage:473 - Download File updaters.zip
2023-05-17 13:34:22,213 [INFO] FileExtend:240 - Unzip File : updaters.zip
2023-05-17 13:34:22,213 [INFO] FileExtend:255 - Standard Zip Deflate
2023-05-17 13:34:22,589 [WARN] MainUpdater:1187 - Updater busy. Cannot search thirdparties
2023-05-17 13:34:22,590 [INFO] ThirdPartyUpdaterWithRetryManager:96 - Updater plugin is busy. [1/15]
2023-05-17 13:34:22,728 [INFO] ServerAccessManage:473 - Download File PacksControlFlags.xml
2023-05-17 13:34:22,844 [INFO] ServerAccessManage:473 - Download File cubemx.pidx
2023-05-17 13:34:23,174 [INFO] ServerAccessManage:473 - Download File STMicroelectronics.FP-SNS-FLIGHT1.pdsc
2023-05-17 13:34:23,234 [INFO] ServerAccessManage:473 - Download File STMicroelectronics.FP-SNS-MOTENV1.pdsc
2023-05-17 13:34:23,332 [INFO] ServerAccessManage:473 - Download File STMicroelectronics.X-CUBE-AI.pdsc
2023-05-17 13:34:24,364 [INFO] ServerAccessManage:473 - Download File STMicroelectronics.X-CUBE-MEMS1.pdsc
2023-05-17 13:34:24,952 [ERROR] LogOutputStream:75 - [STDERR_REDIRECT] SLF4J: Failed to load class "org.slf4j.impl.StaticLoggerBinder".
2023-05-17 13:34:24,953 [ERROR] LogOutputStream:75 - [STDERR_REDIRECT] SLF4J: Defaulting to no-operation (NOP) logger implementation
2023-05-17 13:34:24,953 [ERROR] LogOutputStream:75 - [STDERR_REDIRECT] SLF4J: See http://www.slf4j.org/codes.html#StaticLoggerBinder for further details.
2023-05-17 13:34:25,626 [WARN] MainUpdater:1187 - Updater busy. Cannot search thirdparties
2023-05-17 13:34:25,627 [INFO] ThirdPartyUpdaterWithRetryManager:96 - Updater plugin is busy. [2/15]
2023-05-17 13:34:26,233 [INFO] ServerAccessManage:473 - Download File STMicroelectronics.X-CUBE-TOUCHGFX.pdsc
2023-05-17 13:34:27,047 [INFO] ServerAccessManage:473 - Download File STMicroelectronics.X-CUBE-AZRTOS-G4.pdsc
2023-05-17 13:34:27,461 [WARN] PackLoader:240 - Cannot read IP mode file for STMicroelectronics.FP-SNS-FLIGHT1.5.0.0
2023-05-17 13:34:27,468 [ERROR] RealEvaluatedCondition:428 - Found unsupported composite condition: CLASS='Data Exchange' GROUP='STM32_MetaDataManager'
2023-05-17 13:34:27,469 [ERROR] RealEvaluatedCondition:428 - Found unsupported composite condition: CLASS='Data Exchange' GROUP='STM32_MetaDataManager'
2023-05-17 13:34:27,473 [WARN] PackLoader:240 - Cannot read IP mode file for STMicroelectronics.FP-SNS-MOTENV1.4.3.0
2023-05-17 13:34:27,498 [WARN] PackLoader:240 - Cannot read IP mode file for STMicroelectronics.X-CUBE-AI.8.0.1
2023-05-17 13:34:27,646 [INFO] CheckServerUpdateThread:120 - End of CheckServer Thread
2023-05-17 13:34:27,678 [WARN] PackLoader:240 - Cannot read IP mode file for STMicroelectronics.X-CUBE-MEMS1.9.6.0
2023-05-17 13:34:27,703 [INFO] MainUpdater:2854 - connection check result : 10
2023-05-17 13:34:27,706 [INFO] MainUpdater:2854 - connection check result : 10
2023-05-17 13:34:28,274 [WARN] PackLoader:240 - Cannot read IP mode file for STMicroelectronics.X-CUBE-TOUCHGFX.4.21.4
2023-05-17 13:34:28,313 [WARN] PackLoader:240 - Cannot read IP mode file for STMicroelectronics.X-CUBE-AZRTOS-G4.2.0.0
2023-05-17 13:34:28,318 [INFO] PopulateThirdPartyThread:66 - Ending populate Thread
2023-05-17 13:34:28,325 [INFO] ThirdParty:1030 - CMSIS Pack Vendor :STMicroelectronics FP-SNS-MOTENV1 4.3.0
2023-05-17 13:34:28,326 [INFO] ThirdParty:1030 - CMSIS Pack Vendor :STMicroelectronics FP-SNS-FLIGHT1 5.0.0
2023-05-17 13:34:28,326 [INFO] ThirdParty:1030 - CMSIS Pack Vendor :STMicroelectronics X-CUBE-TOUCHGFX 4.21.4
2023-05-17 13:34:28,326 [INFO] ThirdParty:1030 - CMSIS Pack Vendor :STMicroelectronics X-CUBE-AZRTOS-G4 2.0.0
2023-05-17 13:34:28,326 [INFO] ThirdParty:1030 - CMSIS Pack Vendor :STMicroelectronics X-CUBE-AI 8.0.1
2023-05-17 13:34:28,326 [INFO] ThirdParty:1030 - CMSIS Pack Vendor :STMicroelectronics X-CUBE-MEMS1 9.6.0
2023-05-17 13:34:28,327 [INFO] LoadServerUpdatesThread:373 - End of LoadServerUpdate Thread
2023-05-17 13:34:28,954 [WARN] PackLoader:240 - Cannot read IP mode file for STMicroelectronics.X-CUBE-GNSS1.6.0.0
2023-05-17 13:34:29,022 [WARN] PackLoader:240 - Cannot read IP mode file for STMicroelectronics.X-CUBE-AZRTOS-F4.1.1.0
2023-05-17 13:34:29,038 [WARN] PackLoader:240 - Cannot read IP mode file for STMicroelectronics.X-CUBE-SMBUS.2.1.0
2023-05-17 13:34:29,075 [WARN] PackLoader:240 - Cannot read IP mode file for STMicroelectronics.X-CUBE-AZRTOS-F7.1.1.0
2023-05-17 13:34:29,198 [WARN] PackLoader:240 - Cannot read IP mode file for STMicroelectronics.X-CUBE-MEMS1.9.6.0
2023-05-17 13:34:29,602 [INFO] MicroXplorer:468 - Change Database Path : 
2023-05-17 13:34:29,603 [INFO] MicroXplorer:498 - Change Database Version : DB.6.0.81
2023-05-17 13:34:29,604 [WARN] ThirdParty:871 - waiting for thirdparty lock release [close project]
2023-05-17 13:34:29,610 [ERROR] RealEvaluatedCondition:428 - Found unsupported composite condition: GROUP='STM32_MetaDataManager' CLASS='Data Exchange'
2023-05-17 13:34:29,610 [ERROR] RealEvaluatedCondition:428 - Found unsupported composite condition: CLASS='Data Exchange' GROUP='STM32_MetaDataManager'
2023-05-17 13:34:29,612 [WARN] PackLoader:240 - Cannot read IP mode file for STMicroelectronics.FP-SNS-MOTENV1.4.3.0
2023-05-17 13:34:29,616 [WARN] PackLoader:240 - Cannot read IP mode file for STMicroelectronics.FP-SNS-FLIGHT1.5.0.0
2023-05-17 13:34:29,621 [WARN] PackLoader:240 - Cannot read IP mode file for STMicroelectronics.X-CUBE-BLE1.6.2.4
2023-05-17 13:34:29,632 [WARN] PackLoader:240 - Cannot read IP mode file for emotas.I-CUBE-CANOPEN.1.1.3
2023-05-17 13:34:29,639 [WARN] PackLoader:240 - Cannot read IP mode file for STMicroelectronics.X-CUBE-BLEMGR.2.0.0
2023-05-17 13:34:29,646 [WARN] PackLoader:240 - Cannot read IP mode file for STMicroelectronics.X-CUBE-NFC4.2.0.5
2023-05-17 13:34:29,669 [WARN] ConditionMgr:438 - getConditionDescription Invalid condition id : UX DEVICE CLASS RTOS Condition cause : null
2023-05-17 13:34:29,669 [WARN] ConditionMgr:438 - getConditionDescription Invalid condition id : UX DEVICE CLASS RTOS Condition cause : null
2023-05-17 13:34:29,674 [WARN] PackLoader:240 - Cannot read IP mode file for STMicroelectronics.X-CUBE-AZRTOS-H7.3.1.0
2023-05-17 13:34:29,676 [WARN] ConditionMgr:1039 - genDependencies : Invalid condition id : UX DEVICE CLASS RTOS Condition cause : null
2023-05-17 13:34:29,676 [WARN] ConditionMgr:1039 - genDependencies : Invalid condition id : UX DEVICE CLASS RTOS Condition cause : null
2023-05-17 13:34:29,679 [WARN] ConditionMgr:1039 - genDependencies : Invalid condition id : UX DEVICE CLASS RTOS Condition cause : null
2023-05-17 13:34:29,680 [WARN] ConditionMgr:1039 - genDependencies : Invalid condition id : UX DEVICE CLASS RTOS Condition cause : null
2023-05-17 13:34:29,680 [WARN] ConditionMgr:1039 - genDependencies : Invalid condition id : UX DEVICE CLASS RTOS Condition cause : null
2023-05-17 13:34:29,691 [WARN] PackLoader:240 - Cannot read IP mode file for STMicroelectronics.X-CUBE-DISPLAY.3.0.0
2023-05-17 13:34:29,711 [WARN] PackLoader:240 - Cannot read IP mode file for wolfSSL.I-CUBE-wolfSSL.5.5.4
2023-05-17 13:34:29,719 [WARN] PackLoader:240 - Cannot read IP mode file for STMicroelectronics.X-CUBE-NFC7.1.0.0
2023-05-17 13:34:29,726 [WARN] PackLoader:240 - Cannot read IP mode file for STMicroelectronics.X-CUBE-EEPRMA1.4.1.0
2023-05-17 13:34:29,739 [WARN] PackLoader:240 - Cannot read IP mode file for WES.I-CUBE-Cesium.1.3.0
2023-05-17 13:34:29,746 [WARN] PackLoader:240 - Cannot read IP mode file for STMicroelectronics.X-CUBE-SFXS2LP1.4.0.0
2023-05-17 13:34:29,755 [WARN] PackLoader:240 - Cannot read IP mode file for STMicroelectronics.X-CUBE-BLE2.3.3.0
2023-05-17 13:34:29,765 [WARN] PackLoader:240 - Cannot read IP mode file for STMicroelectronics.X-CUBE-DISPLAY.2.2.0
2023-05-17 13:34:29,778 [WARN] PackLoader:240 - Cannot read IP mode file for STMicroelectronics.X-CUBE-TOF1.3.2.0
2023-05-17 13:34:29,812 [WARN] PackLoader:240 - Cannot read IP mode file for STMicroelectronics.X-CUBE-AZRTOS-H7.3.0.0
2023-05-17 13:34:29,820 [WARN] PackLoader:240 - Cannot read IP mode file for STMicroelectronics.X-CUBE-ISPU.1.1.0
2023-05-17 13:34:29,830 [WARN] PackLoader:240 - Cannot read IP mode file for RoweBots.I-CUBE-UNISONRTOS.5.5.0-4
2023-05-17 13:34:29,842 [WARN] PackLoader:240 - Cannot read IP mode file for STMicroelectronics.X-CUBE-AI.8.0.0
2023-05-17 13:34:29,850 [WARN] PackLoader:240 - Cannot read IP mode file for STMicroelectronics.X-CUBE-FREERTOS.1.0.0
2023-05-17 13:34:29,856 [WARN] PackLoader:240 - Cannot read IP mode file for STMicroelectronics.X-CUBE-FREERTOS.1.0.1
2023-05-17 13:34:29,860 [WARN] PackLoader:240 - Cannot read IP mode file for STMicroelectronics.X-CUBE-TOUCHGFX.4.21.1
2023-05-17 13:34:29,863 [WARN] PackLoader:240 - Cannot read IP mode file for STMicroelectronics.X-CUBE-TOUCHGFX.4.21.0
2023-05-17 13:34:29,867 [WARN] PackLoader:240 - Cannot read IP mode file for STMicroelectronics.X-CUBE-TOUCHGFX.4.21.3
2023-05-17 13:34:29,870 [WARN] PackLoader:240 - Cannot read IP mode file for STMicroelectronics.X-CUBE-TOUCHGFX.4.21.4
2023-05-17 13:34:29,934 [WARN] PackLoader:240 - Cannot read IP mode file for STMicroelectronics.X-CUBE-MEMS1.9.4.0
2023-05-17 13:34:30,323 [WARN] PackLoader:240 - Cannot read IP mode file for STMicroelectronics.X-CUBE-AI.7.3.0
2023-05-17 13:34:30,340 [WARN] PackLoader:240 - Cannot read IP mode file for STMicroelectronics.X-CUBE-ALGOBUILD.1.3.0
2023-05-17 13:34:30,395 [WARN] PackLoader:240 - Cannot read IP mode file for STMicroelectronics.X-CUBE-AZRTOS-L5.1.1.0
2023-05-17 13:34:30,431 [WARN] PackLoader:240 - Cannot read IP mode file for STMicroelectronics.X-CUBE-AZRTOS-G0.1.1.0
2023-05-17 13:34:30,440 [WARN] PackLoader:240 - Cannot read IP mode file for STMicroelectronics.X-CUBE-AI.8.0.1
2023-05-17 13:34:30,455 [WARN] PackLoader:240 - Cannot read IP mode file for STMicroelectronics.X-CUBE-SUBG2.5.0.0
2023-05-17 13:34:30,468 [WARN] PackLoader:240 - Cannot read IP mode file for STMicroelectronics.X-CUBE-NFC4.3.0.0
2023-05-17 13:34:30,493 [WARN] PackLoader:240 - Cannot read IP mode file for STMicroelectronics.X-CUBE-AZRTOS-G4.2.0.0
2023-05-17 13:34:30,522 [WARN] PackLoader:240 - Cannot read IP mode file for STMicroelectronics.X-CUBE-TOF1.3.3.0
2023-05-17 13:34:30,546 [WARN] PackLoader:240 - Cannot read IP mode file for STMicroelectronics.FP-ATR-ASTRA1.1.1.1
2023-05-17 13:34:30,555 [WARN] PackLoader:240 - Cannot read IP mode file for STMicroelectronics.X-CUBE-BLEMGR.1.3.0
2023-05-17 13:34:30,577 [WARN] PackLoader:240 - Cannot read IP mode file for STMicroelectronics.X-CUBE-AZRTOS-G4.1.0.0
2023-05-17 13:34:30,586 [WARN] PackLoader:240 - Cannot read IP mode file for STMicroelectronics.FP-ATR-SIGFOX1.3.2.0
2023-05-17 13:34:30,616 [WARN] PackLoader:240 - Cannot read IP mode file for STMicroelectronics.X-CUBE-AZRTOS-L4.1.0.0
2023-05-17 13:34:30,633 [WARN] PackLoader:240 - Cannot read IP mode file for STMicroelectronics.X-CUBE-AZRTOS-WL.1.0.0
2023-05-17 13:34:30,640 [WARN] PackLoader:240 - Cannot read IP mode file for portGmbH.I-Cube-SoM-uGOAL.1.1.0
2023-05-17 13:34:30,646 [WARN] PackLoader:240 - Cannot read IP mode file for STMicroelectronics.X-CUBE-ALS.1.0.1
2023-05-17 13:34:30,745 [WARN] PackLoader:240 - Cannot read IP mode file for STMicroelectronics.X-CUBE-MEMS1.9.5.0
2023-05-17 13:34:31,048 [WARN] PackLoader:240 - Cannot read IP mode file for STMicroelectronics.X-CUBE-AZRTOS-WB.1.1.0
2023-05-17 13:34:31,105 [WARN] PackLoader:240 - Cannot read IP mode file for SEGGER.I-CUBE-embOS.1.3.1
2023-05-17 13:34:31,279 [WARN] PackLoader:240 - Cannot read IP mode file for SEGGER.I-CUBE-embOS.1.3.0
2023-05-17 13:34:31,346 [WARN] PackLoader:240 - Cannot read IP mode file for STMicroelectronics.FP-ATR-ASTRA1.2.0.0
2023-05-17 13:34:31,347 [INFO] ThirdParty:978 - Integrity check success = true
2023-05-17 13:34:31,347 [INFO] IntegrityCheckThread:100 - exiting critical section [integrity check]
2023-05-17 13:34:31,347 [INFO] IntegrityCheckThread:103 - End integrity checks thread
2023-05-17 13:34:31,347 [INFO] ThirdParty:873 - entering critical section [close project]
2023-05-17 13:34:31,349 [INFO] ThirdParty:883 - exiting critical section [close project]
2023-05-17 13:34:31,355 [INFO] PinOutPanel:1499 - setPackage(No Configuration,No Configuration)
2023-05-17 13:34:31,366 [INFO] UtilMem:75 - Begin LoadConfig() Used Memory: 235907048 Bytes (466616320)
2023-05-17 13:34:46,216 [INFO] ServerAccessManage:473 - Download File stm32cube_db_v6070.zip
2023-05-17 13:34:50,808 [INFO] FileExtend:240 - Unzip File : stm32cube_db_v6070.zip
2023-05-17 13:34:50,809 [INFO] FileExtend:255 - Standard Zip Deflate
2023-05-17 13:34:59,399 [INFO] LoadServerPackagesThread:196 - End of LoadServerPackages Thread
2023-05-17 13:34:59,605 [INFO] CheckServerUpdateThread:120 - End of CheckServer Thread
2023-05-17 13:34:59,626 [INFO] MicroXplorer:468 - Change Database Path : /Users/renzogarzamotta/.stm32cubemx/databases/DB.6.0.70/db/
2023-05-17 13:34:59,626 [INFO] MicroXplorer:498 - Change Database Version : DB.6.0.70
2023-05-17 13:34:59,626 [INFO] OpenFileManager:308 - Change cursor
2023-05-17 13:34:59,812 [INFO] Mcu:1937 - Initializing MCU STM32L476R(C-E-G)Tx STM32L476RGTx STM32L476RGT3
2023-05-17 13:35:05,696 [INFO] Context:659 - Trying to add GPIOservice into a context  which must be forbidden
2023-05-17 13:35:08,276 [INFO] RtosManager:555 - Registered RTOS mode: class=CMSIS, group=RTOS, mode=CMSIS_V1, owner=FREERTOS
2023-05-17 13:35:08,277 [INFO] RtosManager:555 - Registered RTOS mode: class=CMSIS, group=RTOS2, mode=CMSIS_V2, owner=FREERTOS
2023-05-17 13:35:08,277 [INFO] RtosManager:555 - Registered RTOS mode: class=RTOS, group=Core, mode=CMSIS_V1, owner=FREERTOS
2023-05-17 13:35:08,277 [INFO] RtosManager:555 - Registered RTOS mode: class=RTOS, group=Core, mode=CMSIS_V2, owner=FREERTOS
2023-05-17 13:35:08,278 [WARN] ModelIntegratedComponent:184 - Missing modes for component STMicroelectronics:FreeRTOS:0.0.1:STMicroelectronics:RTOS:FreeRTOS:Core:::10.2.0:
2023-05-17 13:35:08,318 [WARN] ModelIntegratedComponent:63 - No mode defined for component null
2023-05-17 13:35:08,319 [WARN] ModelIntegratedComponent:63 - No mode defined for component null
2023-05-17 13:35:08,319 [WARN] ModelIntegratedComponent:63 - No mode defined for component null
2023-05-17 13:35:08,319 [WARN] ModelIntegratedComponent:63 - No mode defined for component null
2023-05-17 13:35:08,319 [WARN] ModelIntegratedComponent:63 - No mode defined for component null
2023-05-17 13:35:08,319 [WARN] ModelIntegratedComponent:63 - No mode defined for component null
2023-05-17 13:35:08,319 [WARN] ModelIntegratedComponent:63 - No mode defined for component null
2023-05-17 13:35:08,319 [WARN] ModelIntegratedComponent:63 - No mode defined for component null
2023-05-17 13:35:08,320 [WARN] ModelIntegratedComponent:63 - No mode defined for component null
2023-05-17 13:35:08,320 [WARN] ModelIntegratedComponent:63 - No mode defined for component null
2023-05-17 13:35:08,320 [WARN] ModelIntegratedComponent:63 - No mode defined for component null
2023-05-17 13:35:08,320 [WARN] ModelIntegratedComponent:63 - No mode defined for component null
2023-05-17 13:35:08,320 [WARN] ModelIntegratedComponent:63 - No mode defined for component null
2023-05-17 13:35:08,320 [WARN] ModelIntegratedComponent:63 - No mode defined for component null
2023-05-17 13:35:08,320 [WARN] ModelIntegratedComponent:63 - No mode defined for component null
2023-05-17 13:35:08,320 [WARN] ModelIntegratedComponent:63 - No mode defined for component null
2023-05-17 13:35:08,320 [WARN] ModelIntegratedComponent:63 - No mode defined for component null
2023-05-17 13:35:08,320 [WARN] ModelIntegratedComponent:63 - No mode defined for component null
2023-05-17 13:35:08,320 [WARN] ModelIntegratedComponent:63 - No mode defined for component null
2023-05-17 13:35:08,320 [WARN] ModelIntegratedComponent:63 - No mode defined for component null
2023-05-17 13:35:08,321 [WARN] ModelIntegratedComponent:63 - No mode defined for component null
2023-05-17 13:35:08,321 [WARN] ModelIntegratedComponent:63 - No mode defined for component null
2023-05-17 13:35:08,321 [WARN] ModelIntegratedComponent:63 - No mode defined for component null
2023-05-17 13:35:08,321 [WARN] ModelIntegratedComponent:63 - No mode defined for component null
2023-05-17 13:35:08,321 [WARN] ModelIntegratedComponent:63 - No mode defined for component null
2023-05-17 13:35:08,321 [WARN] ModelIntegratedComponent:63 - No mode defined for component null
2023-05-17 13:35:08,321 [WARN] ModelIntegratedComponent:63 - No mode defined for component null
2023-05-17 13:35:08,321 [WARN] ModelIntegratedComponent:63 - No mode defined for component null
2023-05-17 13:35:08,321 [WARN] ModelIntegratedComponent:63 - No mode defined for component null
2023-05-17 13:35:08,321 [WARN] ModelIntegratedComponent:63 - No mode defined for component null
2023-05-17 13:35:08,321 [WARN] ModelIntegratedComponent:63 - No mode defined for component null
2023-05-17 13:35:08,321 [WARN] ModelIntegratedComponent:63 - No mode defined for component null
2023-05-17 13:35:08,321 [WARN] ModelIntegratedComponent:63 - No mode defined for component null
2023-05-17 13:35:08,848 [INFO] ThirdPartyModel:298 - Start build external matchings
2023-05-17 13:35:10,704 [INFO] ThirdPartyModel:316 - End build external matchings
2023-05-17 13:35:10,768 [INFO] ImportTextPane:194 - (OptionalMessage_ERROR) IP (RCC) : Invalid parameter (FamilyName)
2023-05-17 13:35:10,780 [INFO] ImportTextPane:194 - (OptionalMessage_ERROR) IP (RCC) : Parameter (PLLSourceVirtual) has invalid value (RCC_PLLSOURCE_HSI)
2023-05-17 13:35:10,780 [INFO] ImportTextPane:194 - (OptionalMessage_ERROR) IP (RCC) : Parameter (RNGFreq_Value) has invalid value (64000000)
2023-05-17 13:35:10,781 [INFO] ImportTextPane:194 - (OptionalMessage_ERROR) IP (RCC) : Parameter (SDMMCFreq_Value) has invalid value (64000000)
2023-05-17 13:35:10,781 [INFO] ImportTextPane:194 - (OptionalMessage_ERROR) IP (RCC) : Parameter (USBFreq_Value) has invalid value (64000000)
2023-05-17 13:35:11,275 [INFO] UtilMem:75 - End LoadConfig() Used Memory: 780147128 Bytes (1073741824)
2023-05-17 13:35:11,778 [INFO] ApiDb:581 - Connected to CubeFinder SQLite database (/Users/renzogarzamotta/.stmcufinder/plugins/mcufinder/mcu/cube-finder-db.db)
2023-05-17 13:35:11,863 [INFO] ApiDb:668 - CubeFinder database Data Model version=2.1
2023-05-17 13:35:11,864 [INFO] ApiDb:669 - CubeFinder database Configuration version=3.0.35
2023-05-17 13:35:11,864 [INFO] ApiDb:670 - CubeFinder database generation date=2023-04-03 (1680511692)
2023-05-17 13:35:11,864 [INFO] ApiDb:671 - CubeFinder database FW Pack versions=[FP-ATR-ASTRA1_V2.0.0, STM32Cube_FW_C0_V1.0.1, STM32Cube_FW_F0_V1.11.4, STM32Cube_FW_F3_V1.11.4, STM32Cube_FW_F4_V1.27.1, STM32Cube_FW_F7_V1.17.0, STM32Cube_FW_G0_V1.6.1, STM32Cube_FW_G4_V1.5.1, STM32Cube_FW_H5_V0.5.1, STM32Cube_FW_H5_V1.0.0, STM32Cube_FW_H7_V1.11.0, STM32Cube_FW_L0_V1.12.2, STM32Cube_FW_L5_V1.5.0, STM32Cube_FW_U5_V1.2.0, STM32Cube_FW_WBA_V1.0.0, STM32Cube_FW_WBA_V1.0.0RC1, STM32Cube_FW_WBA_V1.0.0RC3, STM32Cube_FW_WB_V1.15.0RC1, STM32Cube_FW_WB_V1.16.0, STM32Cube_FW_WB_V1.16.0RC2, STM32Cube_FW_WL_V1.3.0, X-CUBE-ALGOBUILD_V1.3.0, X-CUBE-ALS_V1.0.1, X-CUBE-AZRTOS-F4_V1.1.0, X-CUBE-AZRTOS-F7_V1.1.0, X-CUBE-AZRTOS-G0_V1.1.0, X-CUBE-AZRTOS-G4_V1.0.0, X-CUBE-AZRTOS-H7_V3.0.0, X-CUBE-AZRTOS-L4_V1.0.0, X-CUBE-AZRTOS-L5_V1.1.0, X-CUBE-AZRTOS-WB_V1.1.0, X-CUBE-AZRTOS-WL_V1.0.0, X-CUBE-BLE1_V6.2.4, X-CUBE-BLE2_V3.3.0, X-CUBE-BLEMGR_V1.3.0, X-CUBE-EEPRMA1_V4.1.0, X-CUBE-FREERTOS_V1.0.1, X-CUBE-GNSS1_V6.0.0, X-CUBE-MEMS1_V9.1.0, X-CUBE-MEMS1_V9.4.0, X-CUBE-MEMS1_V9.5.0, X-CUBE-NFC4_V3.0.0, X-CUBE-NFC7_V1.0.0, X-CUBE-SFXS2LP1_V4.0.0, X-CUBE-SUBG2_V5.0.0]
2023-05-17 13:35:14,876 [INFO] ApiDb:240 - Found 297 in-development CPN: [B-G473E-ZEST1S, B-WB1M-WPAN1, B-WL5M-SUBG1, NUCLEO-C031C6, NUCLEO-H503RB, NUCLEO-H563ZI, NUCLEO-U545RE-Q, NUCLEO-U5A5ZJ-Q, NUCLEO-WBA52CG, STEVAL-PROTEUS1, STEVAL-STWINBX1, STM320518-EVAL, STM32C0116-DK, STM32C011D6Y3TR, STM32C011D6Y6TR, STM32C011F4P3, STM32C011F4P6, STM32C011F4U3, STM32C011F4U6TR, STM32C011F6P3, STM32C011F6P6, STM32C011F6U3, STM32C011F6U6TR, STM32C011J4M3, STM32C011J4M6, STM32C011J6M3, STM32C011J6M6, STM32C0316-DK, STM32C031C4T3, STM32C031C4T6, STM32C031C4U3, STM32C031C4U6, STM32C031C6T3, STM32C031C6T6, STM32C031C6U3, STM32C031C6U6, STM32C031F4P3, STM32C031F4P6, STM32C031F6P3, STM32C031F6P6, STM32C031G4U3, STM32C031G4U6, STM32C031G6U3, STM32C031G6U6, STM32C031K4T3, STM32C031K4T6, STM32C031K4U3, STM32C031K4U6, STM32C031K6T3, STM32C031K6T6, STM32C031K6U3, STM32C031K6U6, STM32G071K8TXN, STM32G071K8UXN, STM32G081GBU6N, STM32G081KBT6N, STM32G081KBUXN, STM32G0B1CCT6N, STM32G0B1KCT6, STM32G0B1NEY6TR, STM32G0B1RCT6N, STM32G0C1CCT6, STM32G0C1CCT6N, STM32G0C1CCU6N, STM32G0C1CET6N, STM32G0C1CEU6N, STM32G0C1KCT6, STM32G0C1NEY6TR, STM32G0C1RCI6N, STM32G0C1RCT6N, STM32G0C1REI6N, STM32G0C1RET6N, STM32G0C1VCI6, STM32G0C1VEI6, STM32G471CCT6, STM32G471CCU6, STM32G471CET3, STM32G471CET6, STM32G471CEU3, STM32G471CEU6, STM32G471MCT6, STM32G471MET3, STM32G471MET6, STM32G471MEY6TR, STM32G471QCT6, STM32G471QET3, STM32G471RCT6, STM32G471RET3, STM32G471RET6, STM32G471VCH6, STM32G471VCI6, STM32G471VCT6, STM32G471VEH3, STM32G471VEH6, STM32G471VEI3, STM32G471VEI6, STM32G471VET3, STM32G471VET6, STM32G474CCT6, STM32H503CBT6, STM32H503CBU6, STM32H503EBY6TR, STM32H503KBU6, STM32H503RBT6, STM32H562AGI6, STM32H562AII6, STM32H562IGK6, STM32H562IGT6, STM32H562IIK6, STM32H562IIT6, STM32H562RGT6, STM32H562RGV6, STM32H562RIT6, STM32H562RIV6, STM32H562VGT6, STM32H562VIT6, STM32H562ZGT6, STM32H562ZIT6, STM32H563AGI6, STM32H563AII3Q, STM32H563AII6, STM32H563IGK6, STM32H563IGT6, STM32H563IIK3Q, STM32H563IIK6, STM32H563IIT3Q, STM32H563IIT6, STM32H563MIY3QTR, STM32H563RGT6, STM32H563RGV6, STM32H563RIT6, STM32H563RIV6, STM32H563VGT6, STM32H563VIT3Q, STM32H563VIT6, STM32H563ZGT6, STM32H563ZIT3Q, STM32H563ZIT6, STM32H573AII3Q, STM32H573AII6, STM32H573I-DK, STM32H573IIK3Q, STM32H573IIK6, STM32H573IIT3Q, STM32H573IIT6, STM32H573MIY3QTR, STM32H573RIT6, STM32H573RIV6, STM32H573VIT3Q, STM32H573VIT6, STM32H573ZIT3Q, STM32H573ZIT6, STM32L4R5QGI6STR, STM32MP131AAE3, STM32MP131AAF3, STM32MP131AAG3, STM32MP131CAE3, STM32MP131CAF3, STM32MP131CAG3, STM32MP131DAE7, STM32MP131DAF7, STM32MP131DAG7, STM32MP131FAE7, STM32MP131FAF7, STM32MP131FAG7, STM32MP133AAE3, STM32MP133AAF3, STM32MP133AAG3, STM32MP133CAE3, STM32MP133CAF3, STM32MP133CAG3, STM32MP133DAE7, STM32MP133DAF7, STM32MP133DAG7, STM32MP133FAE7, STM32MP133FAF7, STM32MP133FAG7, STM32MP135AAE3, STM32MP135AAF3, STM32MP135AAG3, STM32MP135CAE3, STM32MP135CAF3, STM32MP135CAG3, STM32MP135DAE7, STM32MP135DAF7, STM32MP135DAG7, STM32MP135F-DK, STM32MP135FAE7, STM32MP135FAF7, STM32MP135FAF7T, STM32MP135FAF7U, STM32MP135FAG7, STM32U535CBT6, STM32U535CBT6Q, STM32U535CBU6, STM32U535CBU6Q, STM32U535CCT6, STM32U535CCT6Q, STM32U535CCU6, STM32U535CCU6Q, STM32U535CET6, STM32U535CET6Q, STM32U535CEU6, STM32U535CEU6Q, STM32U535JEY6QTR, STM32U535NCY6QTR, STM32U535NEY6QTR, STM32U535RBI6, STM32U535RBI6Q, STM32U535RBT6, STM32U535RBT6Q, STM32U535RCI6, STM32U535RCI6Q, STM32U535RCT6, STM32U535RCT6Q, STM32U535REI6, STM32U535REI6Q, STM32U535RET6, STM32U535RET6Q, STM32U535VCI6, STM32U535VCI6Q, STM32U535VCT6, STM32U535VCT6Q, STM32U535VEI6, STM32U535VEI6Q, STM32U535VET6, STM32U535VET6Q, STM32U545CET6, STM32U545CET6Q, STM32U545CEU6, STM32U545CEU6Q, STM32U545JEY6QTR, STM32U545NEY6QTR, STM32U545REI6, STM32U545REI6Q, STM32U545RET6, STM32U545RET6Q, STM32U545VEI6, STM32U545VEI6Q, STM32U545VET6, STM32U545VET6Q, STM32U595AIH6, STM32U595AIH6Q, STM32U595AJH6, STM32U595AJH6Q, STM32U595QII6, STM32U595QII6Q, STM32U595QJI6, STM32U595QJI6Q, STM32U595RIT6, STM32U595RIT6Q, STM32U595RJT6, STM32U595RJT6Q, STM32U595VIT6, STM32U595VIT6Q, STM32U595VJT6, STM32U595VJT6Q, STM32U595ZIT6, STM32U595ZIT6Q, STM32U595ZIY6QTR, STM32U595ZJT6, STM32U595ZJT6Q, STM32U595ZJY6QTR, STM32U599BJY6QTR, STM32U599NIH6Q, STM32U599NJH6Q, STM32U599VIT6Q, STM32U599VJT6, STM32U599VJT6Q, STM32U599ZIT6Q, STM32U599ZIY6QTR, STM32U599ZJT6Q, STM32U599ZJY6QTR, STM32U5A5AJH6, STM32U5A5AJH6Q, STM32U5A5QJI6, STM32U5A5QJI6Q, STM32U5A5RJT6, STM32U5A5RJT6Q, STM32U5A5VJT6, STM32U5A5VJT6Q, STM32U5A5ZJT6, STM32U5A5ZJT6Q, STM32U5A5ZJY6QTR, STM32U5A9BJY6QTR, STM32U5A9J-DK, STM32U5A9NJH6Q, STM32U5A9VJT6Q, STM32U5A9ZJT6Q, STM32U5A9ZJY6QTR, STM32WB1MMCH6, STM32WBA52CEU6, STM32WBA52CEU6T, STM32WBA52CGU6, STM32WBA52CGU6T, STM32WL5MOCH6, STM32WL5MOCH6TR]
2023-05-17 13:35:14,881 [INFO] DbMcus:216 - Found 3775 MCUs, 3775 are supported
2023-05-17 13:35:14,886 [INFO] ApiDb:423 - Load user favorites file /Users/renzogarzamotta/.stm32cubeide/favorites.mcus.txt: 0 item(s)
2023-05-17 13:35:14,886 [INFO] ApiDb:427 - User favorites MCUs=[]
2023-05-17 13:35:14,887 [INFO] DbMcus:222 - Set 0 / 0 favorites MCUs
2023-05-17 13:35:15,601 [WARN] ThirdParty:833 - waiting for thirdparty lock release [change project]
2023-05-17 13:35:15,602 [INFO] ThirdParty:835 - entering critical section [change project]
2023-05-17 13:35:15,602 [INFO] ThirdParty:1030 - CMSIS Pack Vendor :STMicroelectronics X-CUBE-ISPU 1.1.0
2023-05-17 13:35:15,602 [INFO] ThirdParty:1030 - CMSIS Pack Vendor :RoweBots I-CUBE-UNISONRTOS 5.5.0-4
2023-05-17 13:35:15,602 [INFO] ThirdParty:1030 - CMSIS Pack Vendor :STMicroelectronics X-CUBE-GNSS1 6.0.0
2023-05-17 13:35:15,602 [INFO] ThirdParty:1030 - CMSIS Pack Vendor :STMicroelectronics USB_HOST 2.0.0
2023-05-17 13:35:15,602 [INFO] ThirdParty:1030 - CMSIS Pack Vendor :STMicroelectronics X-CUBE-AZRTOS-F4 1.1.0
2023-05-17 13:35:15,602 [INFO] ThirdParty:1030 - CMSIS Pack Vendor :STMicroelectronics LIBJPEG 8.0.0
2023-05-17 13:35:15,602 [INFO] ThirdParty:1030 - CMSIS Pack Vendor :STMicroelectronics X-CUBE-SMBUS 2.1.0
2023-05-17 13:35:15,602 [INFO] ThirdParty:1030 - CMSIS Pack Vendor :STMicroelectronics USB_DEVICE 3.0.0
2023-05-17 13:35:15,603 [INFO] ThirdParty:1030 - CMSIS Pack Vendor :STMicroelectronics X-CUBE-AI 8.0.0
2023-05-17 13:35:15,603 [INFO] ThirdParty:1030 - CMSIS Pack Vendor :STMicroelectronics X-CUBE-FREERTOS 1.0.0
2023-05-17 13:35:15,603 [INFO] ThirdParty:1030 - CMSIS Pack Vendor :STMicroelectronics X-CUBE-FREERTOS 1.0.1
2023-05-17 13:35:15,603 [INFO] ThirdParty:1030 - CMSIS Pack Vendor :STMicroelectronics X-CUBE-TOUCHGFX 4.21.1
2023-05-17 13:35:15,603 [INFO] ThirdParty:1030 - CMSIS Pack Vendor :STMicroelectronics X-CUBE-TOUCHGFX 4.21.0
2023-05-17 13:35:15,603 [INFO] ThirdParty:1030 - CMSIS Pack Vendor :STMicroelectronics X-CUBE-TOUCHGFX 4.21.3
2023-05-17 13:35:15,603 [INFO] ThirdParty:1030 - CMSIS Pack Vendor :STMicroelectronics X-CUBE-AZRTOS-F7 1.1.0
2023-05-17 13:35:15,603 [INFO] ThirdParty:1030 - CMSIS Pack Vendor :STMicroelectronics X-CUBE-TOUCHGFX 4.21.4
2023-05-17 13:35:15,603 [INFO] ThirdParty:1030 - CMSIS Pack Vendor :STMicroelectronics X-CUBE-MEMS1 9.4.0
2023-05-17 13:35:15,603 [INFO] ThirdParty:1030 - CMSIS Pack Vendor :STMicroelectronics USB_DEVICE 2.0.0
2023-05-17 13:35:15,603 [INFO] ThirdParty:1030 - CMSIS Pack Vendor :STMicroelectronics X-CUBE-MEMS1 9.6.0
2023-05-17 13:35:15,603 [INFO] ThirdParty:1030 - CMSIS Pack Vendor :STMicroelectronics X-CUBE-AI 7.3.0
2023-05-17 13:35:15,603 [INFO] ThirdParty:1030 - CMSIS Pack Vendor :STMicroelectronics FP-SNS-MOTENV1 4.3.0
2023-05-17 13:35:15,603 [INFO] ThirdParty:1030 - CMSIS Pack Vendor :STMicroelectronics FP-SNS-FLIGHT1 5.0.0
2023-05-17 13:35:15,604 [INFO] ThirdParty:1030 - CMSIS Pack Vendor :STMicroelectronics X-CUBE-ALGOBUILD 1.3.0
2023-05-17 13:35:15,604 [INFO] ThirdParty:1030 - CMSIS Pack Vendor :STMicroelectronics X-CUBE-BLE1 6.2.4
2023-05-17 13:35:15,604 [INFO] ThirdParty:1030 - CMSIS Pack Vendor :STMicroelectronics X-CUBE-AZRTOS-L5 1.1.0
2023-05-17 13:35:15,604 [INFO] ThirdParty:1030 - CMSIS Pack Vendor :STMicroelectronics FreeRTOS 0.0.1
2023-05-17 13:35:15,604 [INFO] ThirdParty:1030 - CMSIS Pack Vendor :emotas I-CUBE-CANOPEN 1.1.3
2023-05-17 13:35:15,604 [INFO] ThirdParty:1030 - CMSIS Pack Vendor :STMicroelectronics X-CUBE-AZRTOS-G0 1.1.0
2023-05-17 13:35:15,604 [INFO] ThirdParty:1030 - CMSIS Pack Vendor :STMicroelectronics X-CUBE-BLEMGR 2.0.0
2023-05-17 13:35:15,604 [INFO] ThirdParty:1030 - CMSIS Pack Vendor :STMicroelectronics X-CUBE-AI 8.0.1
2023-05-17 13:35:15,604 [INFO] ThirdParty:1030 - CMSIS Pack Vendor :STMicroelectronics X-CUBE-SUBG2 5.0.0
2023-05-17 13:35:15,604 [INFO] ThirdParty:1030 - CMSIS Pack Vendor :STMicroelectronics X-CUBE-NFC4 3.0.0
2023-05-17 13:35:15,604 [INFO] ThirdParty:1030 - CMSIS Pack Vendor :STMicroelectronics STM32_WPAN 1.0.0
2023-05-17 13:35:15,604 [INFO] ThirdParty:1030 - CMSIS Pack Vendor :STMicroelectronics lwIP 2.0.3
2023-05-17 13:35:15,604 [INFO] ThirdParty:1030 - CMSIS Pack Vendor :STMicroelectronics X-CUBE-NFC4 2.0.5
2023-05-17 13:35:15,604 [INFO] ThirdParty:1030 - CMSIS Pack Vendor :STMicroelectronics USB_HOST 1.0.0
2023-05-17 13:35:15,604 [INFO] ThirdParty:1030 - CMSIS Pack Vendor :STMicroelectronics X-CUBE-AZRTOS-G4 2.0.0
2023-05-17 13:35:15,605 [INFO] ThirdParty:1030 - CMSIS Pack Vendor :STMicroelectronics PDM2PCM 3.1.0
2023-05-17 13:35:15,605 [INFO] ThirdParty:1030 - CMSIS Pack Vendor :STMicroelectronics X-CUBE-AZRTOS-H7 3.1.0
2023-05-17 13:35:15,605 [INFO] ThirdParty:1030 - CMSIS Pack Vendor :STMicroelectronics X-CUBE-TOF1 3.3.0
2023-05-17 13:35:15,605 [INFO] ThirdParty:1030 - CMSIS Pack Vendor :STMicroelectronics FP-ATR-ASTRA1 1.1.1
2023-05-17 13:35:15,605 [INFO] ThirdParty:1030 - CMSIS Pack Vendor :STMicroelectronics PDM2PCM 3.3.0
2023-05-17 13:35:15,605 [INFO] ThirdParty:1030 - CMSIS Pack Vendor :STMicroelectronics X-CUBE-DISPLAY 3.0.0
2023-05-17 13:35:15,605 [INFO] ThirdParty:1030 - CMSIS Pack Vendor :STMicroelectronics X-CUBE-BLEMGR 1.3.0
2023-05-17 13:35:15,605 [INFO] ThirdParty:1030 - CMSIS Pack Vendor :STMicroelectronics X-CUBE-AZRTOS-G4 1.0.0
2023-05-17 13:35:15,605 [INFO] ThirdParty:1030 - CMSIS Pack Vendor :STMicroelectronics FP-ATR-SIGFOX1 3.2.0
2023-05-17 13:35:15,605 [INFO] ThirdParty:1030 - CMSIS Pack Vendor :wolfSSL I-CUBE-wolfSSL 5.5.4
2023-05-17 13:35:15,605 [INFO] ThirdParty:1030 - CMSIS Pack Vendor :STMicroelectronics X-CUBE-AZRTOS-L4 1.0.0
2023-05-17 13:35:15,605 [INFO] ThirdParty:1030 - CMSIS Pack Vendor :STMicroelectronics HAL Drivers 0.0.0
2023-05-17 13:35:15,606 [INFO] ThirdParty:1030 - CMSIS Pack Vendor :STMicroelectronics MBEDTLS 2.16.2
2023-05-17 13:35:15,606 [INFO] ThirdParty:1030 - CMSIS Pack Vendor :STMicroelectronics MBEDTLS 2.14.1
2023-05-17 13:35:15,606 [INFO] ThirdParty:1030 - CMSIS Pack Vendor :STMicroelectronics X-CUBE-NFC7 1.0.0
2023-05-17 13:35:15,606 [INFO] ThirdParty:1030 - CMSIS Pack Vendor :STMicroelectronics X-CUBE-AZRTOS-WL 1.0.0
2023-05-17 13:35:15,606 [INFO] ThirdParty:1030 - CMSIS Pack Vendor :STMicroelectronics X-CUBE-EEPRMA1 4.1.0
2023-05-17 13:35:15,606 [INFO] ThirdParty:1030 - CMSIS Pack Vendor :portGmbH I-Cube-SoM-uGOAL 1.1.0
2023-05-17 13:35:15,606 [INFO] ThirdParty:1030 - CMSIS Pack Vendor :STMicroelectronics X-CUBE-ALS 1.0.1
2023-05-17 13:35:15,606 [INFO] ThirdParty:1030 - CMSIS Pack Vendor :STMicroelectronics X-CUBE-MEMS1 9.5.0
2023-05-17 13:35:15,606 [INFO] ThirdParty:1030 - CMSIS Pack Vendor :STMicroelectronics ThreadX 1.0.0
2023-05-17 13:35:15,606 [INFO] ThirdParty:1030 - CMSIS Pack Vendor :STMicroelectronics X-CUBE-AZRTOS-WB 1.1.0
2023-05-17 13:35:15,606 [INFO] ThirdParty:1030 - CMSIS Pack Vendor :SEGGER I-CUBE-embOS 1.3.1
2023-05-17 13:35:15,607 [INFO] ThirdParty:1030 - CMSIS Pack Vendor :STMicroelectronics USB_DEVICE 1.0.0
2023-05-17 13:35:15,607 [INFO] ThirdParty:1030 - CMSIS Pack Vendor :SEGGER I-CUBE-embOS 1.3.0
2023-05-17 13:35:15,607 [INFO] ThirdParty:1030 - CMSIS Pack Vendor :STMicroelectronics ThreadX 0.0.2
2023-05-17 13:35:15,607 [INFO] ThirdParty:1030 - CMSIS Pack Vendor :WES I-CUBE-Cesium 1.3.0
2023-05-17 13:35:15,607 [INFO] ThirdParty:1030 - CMSIS Pack Vendor :STMicroelectronics FP-ATR-ASTRA1 2.0.0
2023-05-17 13:35:15,607 [INFO] ThirdParty:1030 - CMSIS Pack Vendor :STMicroelectronics lwIP 2.1.2
2023-05-17 13:35:15,607 [INFO] ThirdParty:1030 - CMSIS Pack Vendor :STMicroelectronics X-CUBE-SFXS2LP1 4.0.0
2023-05-17 13:35:15,607 [INFO] ThirdParty:1030 - CMSIS Pack Vendor :STMicroelectronics X-CUBE-BLE2 3.3.0
2023-05-17 13:35:15,607 [INFO] ThirdParty:1030 - CMSIS Pack Vendor :STMicroelectronics X-CUBE-DISPLAY 2.2.0
2023-05-17 13:35:15,607 [INFO] ThirdParty:1030 - CMSIS Pack Vendor :STMicroelectronics X-CUBE-TOF1 3.2.0
2023-05-17 13:35:15,607 [INFO] ThirdParty:1030 - CMSIS Pack Vendor :STMicroelectronics PDM2PCM 3.2.0
2023-05-17 13:35:15,607 [INFO] ThirdParty:1030 - CMSIS Pack Vendor :STMicroelectronics X-CUBE-AZRTOS-H7 3.0.0
2023-05-17 13:35:15,608 [INFO] ThirdParty:841 - exiting critical section [change project]
2023-05-17 13:35:16,674 [INFO] PinOutPanel:1499 - setPackage(No Configuration,No Configuration)
2023-05-17 13:35:16,676 [INFO] PinOutPanel:1499 - setPackage(STM32L476RGTx,LQFP64)
2023-05-17 13:35:18,310 [INFO] UtilMem:75 - Before build in PCC Used Memory: 668588536 Bytes (1073741824)
2023-05-17 13:35:20,360 [INFO] UtilMem:75 - After build in PCC Used Memory: 514999808 Bytes (1073741824)
2023-05-17 13:35:20,491 [INFO] IPUIPlugin:80 - create IPUIPlugin
2023-05-17 13:35:20,491 [INFO] IPUIPlugin:80 - create IPUIPlugin
2023-05-17 13:35:20,492 [INFO] IPUIPlugin:80 - create IPUIPlugin
2023-05-17 13:35:20,492 [INFO] IPUIPlugin:80 - create IPUIPlugin
2023-05-17 13:35:20,494 [INFO] IPUIPlugin:80 - create IPUIPlugin
2023-05-17 13:35:20,495 [INFO] IPUIPlugin:80 - create IPUIPlugin
2023-05-17 13:35:20,495 [INFO] IPUIPlugin:80 - create IPUIPlugin
2023-05-17 13:35:20,495 [INFO] IPUIPlugin:80 - create IPUIPlugin
2023-05-17 13:35:20,495 [INFO] IPUIPlugin:80 - create IPUIPlugin
2023-05-17 13:35:20,496 [INFO] IPUIPlugin:80 - create IPUIPlugin
2023-05-17 13:35:20,496 [INFO] IPUIPlugin:80 - create IPUIPlugin
2023-05-17 13:35:20,497 [INFO] IPUIPlugin:80 - create IPUIPlugin
2023-05-17 13:35:20,499 [INFO] IPUIPlugin:80 - create IPUIPlugin
2023-05-17 13:35:20,500 [INFO] IPUIPlugin:80 - create IPUIPlugin
2023-05-17 13:35:20,501 [INFO] IPUIPlugin:80 - create IPUIPlugin
2023-05-17 13:35:20,501 [INFO] IPUIPlugin:80 - create IPUIPlugin
2023-05-17 13:35:20,502 [INFO] IPUIPlugin:80 - create IPUIPlugin
2023-05-17 13:35:20,502 [INFO] IPUIPlugin:80 - create IPUIPlugin
2023-05-17 13:35:20,503 [INFO] IPUIPlugin:80 - create IPUIPlugin
2023-05-17 13:35:20,503 [INFO] IPUIPlugin:80 - create IPUIPlugin
2023-05-17 13:35:20,504 [INFO] IPUIPlugin:80 - create IPUIPlugin
2023-05-17 13:35:20,516 [INFO] IPUIPlugin:80 - create IPUIPlugin
2023-05-17 13:35:20,518 [INFO] IPUIPlugin:80 - create IPUIPlugin
2023-05-17 13:35:20,519 [INFO] IPUIPlugin:80 - create IPUIPlugin
2023-05-17 13:35:20,520 [INFO] IPUIPlugin:80 - create IPUIPlugin
2023-05-17 13:35:20,521 [INFO] IPUIPlugin:80 - create IPUIPlugin
2023-05-17 13:35:20,521 [INFO] IPUIPlugin:80 - create IPUIPlugin
2023-05-17 13:35:20,521 [INFO] IPUIPlugin:80 - create IPUIPlugin
2023-05-17 13:35:20,522 [INFO] IPUIPlugin:80 - create IPUIPlugin
2023-05-17 13:35:20,524 [INFO] IPUIPlugin:80 - create IPUIPlugin
2023-05-17 13:35:20,525 [INFO] IPUIPlugin:80 - create IPUIPlugin
2023-05-17 13:35:20,525 [INFO] IPUIPlugin:80 - create IPUIPlugin
2023-05-17 13:35:20,526 [INFO] IPUIPlugin:80 - create IPUIPlugin
2023-05-17 13:35:20,526 [INFO] IPUIPlugin:80 - create IPUIPlugin
2023-05-17 13:35:20,526 [INFO] IPUIPlugin:80 - create IPUIPlugin
2023-05-17 13:35:20,527 [INFO] IPUIPlugin:80 - create IPUIPlugin
2023-05-17 13:35:20,527 [INFO] IPUIPlugin:80 - create IPUIPlugin
2023-05-17 13:35:20,528 [INFO] IPUIPlugin:80 - create IPUIPlugin
2023-05-17 13:35:20,528 [INFO] IPUIPlugin:80 - create IPUIPlugin
2023-05-17 13:35:20,528 [INFO] IPUIPlugin:80 - create IPUIPlugin
2023-05-17 13:35:20,528 [INFO] IPUIPlugin:80 - create IPUIPlugin
2023-05-17 13:35:20,529 [INFO] IPUIPlugin:80 - create IPUIPlugin
2023-05-17 13:35:20,529 [INFO] IPUIPlugin:80 - create IPUIPlugin
2023-05-17 13:35:20,529 [INFO] IPUIPlugin:80 - create IPUIPlugin
2023-05-17 13:35:20,529 [INFO] IPUIPlugin:80 - create IPUIPlugin
2023-05-17 13:35:20,530 [INFO] IPUIPlugin:80 - create IPUIPlugin
2023-05-17 13:35:20,530 [INFO] IPUIPlugin:80 - create IPUIPlugin
2023-05-17 13:35:20,531 [INFO] IPUIPlugin:80 - create IPUIPlugin
2023-05-17 13:35:20,531 [INFO] IPUIPlugin:80 - create IPUIPlugin
2023-05-17 13:35:20,532 [INFO] IPUIPlugin:80 - create IPUIPlugin
2023-05-17 13:35:20,532 [INFO] IPUIPlugin:80 - create IPUIPlugin
2023-05-17 13:35:20,533 [INFO] IPUIPlugin:80 - create IPUIPlugin
2023-05-17 13:35:20,534 [INFO] IPUIPlugin:80 - create IPUIPlugin
2023-05-17 13:35:20,534 [INFO] IPUIPlugin:80 - create IPUIPlugin
2023-05-17 13:35:20,535 [INFO] IPUIPlugin:80 - create IPUIPlugin
2023-05-17 13:35:20,536 [INFO] IPUIPlugin:80 - create IPUIPlugin
2023-05-17 13:35:20,541 [INFO] IPUIPlugin:80 - create IPUIPlugin
2023-05-17 13:35:20,542 [INFO] IPUIPlugin:80 - create IPUIPlugin
2023-05-17 13:35:20,542 [INFO] IPUIPlugin:80 - create IPUIPlugin
2023-05-17 13:35:21,687 [INFO] CADModel:165 - CPN selected for project levelSTM32L476RGT3
2023-05-17 13:35:21,688 [INFO] CADModel:114 - Register for checkConnection events
2023-05-17 13:35:21,745 [INFO] OpenFileManager:328 - Restore cursor
2023-05-17 13:41:09,304 [INFO] ParamManager:886 - [Generic UI] PropertyChangeEvent: TAB_STATUS_CHANGED , "dont care", "never mind"
2023-05-17 13:41:09,555 [INFO] ParamManager:886 - [Generic UI] PropertyChangeEvent: TAB_STATUS_CHANGED , "dont care", "never mind"
2023-05-17 13:41:09,594 [INFO] ADCParametersView:116 -                Rank 1 : false
2023-05-17 13:41:09,950 [INFO] ADCParametersView:116 -                Rank 1 : false
2023-05-17 13:41:09,950 [INFO] ADCParametersView:116 -                Rank 1 : false
2023-05-17 13:41:09,951 [INFO] ADCParametersView:116 -                Rank 1 : false
2023-05-17 13:41:09,952 [INFO] ADCParametersView:116 -                Rank 1 : false
2023-05-17 13:41:09,952 [INFO] ADCParametersView:116 -                Rank 1 : false
2023-05-17 13:41:09,953 [INFO] ADCParametersView:116 -                Rank 1 : false
2023-05-17 13:41:09,953 [INFO] ADCParametersView:116 -                Rank 1 : false
2023-05-17 13:41:09,954 [INFO] ADCParametersView:116 -                Rank 1 : false
2023-05-17 13:41:09,954 [INFO] ADCParametersView:116 -                Rank 1 : false
2023-05-17 13:41:09,956 [INFO] ADCParametersView:116 -                Rank 1 : false
2023-05-17 13:41:09,957 [INFO] ADCParametersView:116 -                Rank 1 : false
2023-05-17 13:41:09,958 [INFO] ADCParametersView:116 -                Rank 1 : false
2023-05-17 13:41:09,959 [INFO] ADCParametersView:116 -                Rank 1 : false
2023-05-17 13:41:09,964 [INFO] ADCParametersView:116 -                Rank 1 : false
2023-05-17 13:41:09,965 [INFO] ADCParametersView:116 -                Rank 1 : false
2023-05-17 13:41:09,965 [INFO] ADCParametersView:116 -                Rank 1 : false
2023-05-17 13:41:09,966 [INFO] ADCParametersView:116 -                Rank 1 : false
2023-05-17 13:41:09,966 [INFO] ADCParametersView:116 -                Rank 1 : false
2023-05-17 13:41:09,966 [INFO] ADCParametersView:116 -                Rank 1 : false
2023-05-17 13:41:09,966 [INFO] ADCParametersView:116 -                Rank 1 : false
2023-05-17 13:41:10,034 [INFO] ADCParametersView:116 -                Rank 1 : false
2023-05-17 13:41:11,535 [INFO] NvicIntPanel:101 - NVIC parent = com.st.microxplorer.plugins.ip.nvic.MultiNvicIntPanel[,0,0,0x0,invalid,layout=javax.swing.BoxLayout,alignmentX=0.0,alignmentY=0.0,border=,flags=9,maximumSize=,minimumSize=,preferredSize=]
2023-05-17 13:41:12,766 [INFO] NvicIntPanel:101 - NVIC parent = com.st.microxplorer.plugins.ip.nvic.MultiNvicIntPanel[,0,0,0x0,invalid,layout=javax.swing.BoxLayout,alignmentX=0.0,alignmentY=0.0,border=,flags=9,maximumSize=,minimumSize=,preferredSize=]
2023-05-17 13:41:13,438 [INFO] NvicIntPanel:101 - NVIC parent = com.st.microxplorer.plugins.ip.nvic.MultiNvicIntPanel[,0,0,0x0,invalid,layout=javax.swing.BoxLayout,alignmentX=0.0,alignmentY=0.0,border=,flags=9,maximumSize=,minimumSize=,preferredSize=]
2023-05-17 13:41:13,661 [INFO] ADCParametersView:116 -                Rank 1 : false
2023-05-17 13:41:13,663 [INFO] ADCParametersView:116 -                Rank 1 : false
2023-05-17 13:41:13,664 [INFO] ADCParametersView:116 -                Rank 1 : false
2023-05-17 13:41:13,664 [INFO] ADCParametersView:116 -                Rank 1 : false
2023-05-17 13:41:13,665 [INFO] ADCParametersView:116 -                Rank 1 : false
2023-05-17 13:41:13,665 [INFO] ADCParametersView:116 -                Rank 1 : false
2023-05-17 13:41:13,665 [INFO] ADCParametersView:116 -                Rank 1 : false
2023-05-17 13:41:13,665 [INFO] ADCParametersView:116 -                Rank 1 : false
2023-05-17 13:41:13,666 [INFO] ADCParametersView:116 -                Rank 1 : false
2023-05-17 13:41:13,666 [INFO] ADCParametersView:116 -                Rank 1 : false
2023-05-17 13:41:13,666 [INFO] ADCParametersView:116 -                Rank 1 : false
2023-05-17 13:41:13,666 [INFO] ADCParametersView:116 -                Rank 1 : false
2023-05-17 13:41:13,667 [INFO] ADCParametersView:116 -                Rank 1 : false
2023-05-17 13:41:13,667 [INFO] ADCParametersView:116 -                Rank 1 : false
2023-05-17 13:41:13,667 [INFO] ADCParametersView:116 -                Rank 1 : false
2023-05-17 13:41:13,667 [INFO] ADCParametersView:116 -                Rank 1 : false
2023-05-17 13:41:13,668 [INFO] ADCParametersView:116 -                Rank 1 : false
2023-05-17 13:41:13,668 [INFO] ADCParametersView:116 -                Rank 1 : false
2023-05-17 13:41:13,668 [INFO] ADCParametersView:116 -                Rank 1 : false
2023-05-17 13:41:13,668 [INFO] ADCParametersView:116 -                Rank 1 : false
2023-05-17 13:41:13,764 [INFO] ADCParametersView:116 -                Rank 1 : false
2023-05-17 13:41:13,891 [INFO] ADCParametersView:116 -                Rank 1 : false
2023-05-17 13:41:13,891 [INFO] ADCParametersView:116 -                Rank 1 : false
2023-05-17 13:41:13,892 [INFO] ADCParametersView:116 -                Rank 1 : false
2023-05-17 13:41:13,892 [INFO] ADCParametersView:116 -                Rank 1 : false
2023-05-17 13:41:13,892 [INFO] ADCParametersView:116 -                Rank 1 : false
2023-05-17 13:41:13,893 [INFO] ADCParametersView:116 -                Rank 1 : false
2023-05-17 13:41:13,893 [INFO] ADCParametersView:116 -                Rank 1 : false
2023-05-17 13:41:13,893 [INFO] ADCParametersView:116 -                Rank 1 : false
2023-05-17 13:41:13,893 [INFO] ADCParametersView:116 -                Rank 1 : false
2023-05-17 13:41:13,894 [INFO] ADCParametersView:116 -                Rank 1 : false
2023-05-17 13:41:13,894 [INFO] ADCParametersView:116 -                Rank 1 : false
2023-05-17 13:41:13,894 [INFO] ADCParametersView:116 -                Rank 1 : false
2023-05-17 13:41:13,894 [INFO] ADCParametersView:116 -                Rank 1 : false
2023-05-17 13:41:13,894 [INFO] ADCParametersView:116 -                Rank 1 : false
2023-05-17 13:41:13,895 [INFO] ADCParametersView:116 -                Rank 1 : false
2023-05-17 13:41:13,895 [INFO] ADCParametersView:116 -                Rank 1 : false
2023-05-17 13:41:13,895 [INFO] ADCParametersView:116 -                Rank 1 : false
2023-05-17 13:41:13,895 [INFO] ADCParametersView:116 -                Rank 1 : false
2023-05-17 13:41:13,895 [INFO] ADCParametersView:116 -                Rank 1 : false
2023-05-17 13:41:13,895 [INFO] ADCParametersView:116 -                Rank 1 : false
2023-05-17 13:41:13,988 [INFO] ADCParametersView:116 -                Rank 1 : false
